Determining if the pthread_create exist failed with the following output:
Change Dir: /home/parallels/catkin_ws/build/CMakeFiles/CMakeTmp

Run Build Command:"/usr/bin/make" "cmTC_ce6f1/fast"
/usr/bin/make -f CMakeFiles/cmTC_ce6f1.dir/build.make CMakeFiles/cmTC_ce6f1.dir/build
make[1]: Entering directory '/home/parallels/catkin_ws/build/CMakeFiles/CMakeTmp'
Building C object CMakeFiles/cmTC_ce6f1.dir/CheckSymbolExists.c.o
/usr/bin/cc    -o CMakeFiles/cmTC_ce6f1.dir/CheckSymbolExists.c.o   -c /home/parallels/catkin_ws/build/CMakeFiles/CMakeTmp/CheckSymbolExists.c
Linking C executable cmTC_ce6f1
/usr/bin/cmake -E cmake_link_script CMakeFiles/cmTC_ce6f1.dir/link.txt --verbose=1
/usr/bin/cc      -rdynamic CMakeFiles/cmTC_ce6f1.dir/CheckSymbolExists.c.o  -o cmTC_ce6f1 
CMakeFiles/cmTC_ce6f1.dir/CheckSymbolExists.c.o: In function `main':
CheckSymbolExists.c:(.text+0x1b): undefined reference to `pthread_create'
collect2: error: ld returned 1 exit status
CMakeFiles/cmTC_ce6f1.dir/build.make:97: recipe for target 'cmTC_ce6f1' failed
make[1]: *** [cmTC_ce6f1] Error 1
make[1]: Leaving directory '/home/parallels/catkin_ws/build/CMakeFiles/CMakeTmp'
Makefile:126: recipe for target 'cmTC_ce6f1/fast' failed
make: *** [cmTC_ce6f1/fast] Error 2

File /home/parallels/catkin_ws/build/CMakeFiles/CMakeTmp/CheckSymbolExists.c:
/* */
#include <pthread.h>

int main(int argc, char** argv)
{
  (void)argv;
#ifndef pthread_create
  return ((int*)(&pthread_create))[argc];
#else
  (void)argc;
  return 0;
#endif
}

Determining if the function pthread_create exists in the pthreads failed with the following output:
Change Dir: /home/parallels/catkin_ws/build/CMakeFiles/CMakeTmp

Run Build Command:"/usr/bin/make" "cmTC_72972/fast"
/usr/bin/make -f CMakeFiles/cmTC_72972.dir/build.make CMakeFiles/cmTC_72972.dir/build
make[1]: Entering directory '/home/parallels/catkin_ws/build/CMakeFiles/CMakeTmp'
Building C object CMakeFiles/cmTC_72972.dir/CheckFunctionExists.c.o
/usr/bin/cc   -DCHECK_FUNCTION_EXISTS=pthread_create   -o CMakeFiles/cmTC_72972.dir/CheckFunctionExists.c.o   -c /usr/share/cmake-3.10/Modules/CheckFunctionExists.c
Linking C executable cmTC_72972
/usr/bin/cmake -E cmake_link_script CMakeFiles/cmTC_72972.dir/link.txt --verbose=1
/usr/bin/cc  -DCHECK_FUNCTION_EXISTS=pthread_create    -rdynamic CMakeFiles/cmTC_72972.dir/CheckFunctionExists.c.o  -o cmTC_72972 -lpthreads 
/usr/bin/ld: cannot find -lpthreads
collect2: error: ld returned 1 exit status
CMakeFiles/cmTC_72972.dir/build.make:97: recipe for target 'cmTC_72972' failed
make[1]: *** [cmTC_72972] Error 1
make[1]: Leaving directory '/home/parallels/catkin_ws/build/CMakeFiles/CMakeTmp'
Makefile:126: recipe for target 'cmTC_72972/fast' failed
make: *** [cmTC_72972/fast] Error 2


Determining if the Q_WS_WIN exist failed with the following output:
Change Dir: /home/parallels/catkin_ws/build/CMakeFiles/CMakeTmp

Run Build Command:"/usr/bin/make" "cmTC_d5bd3/fast"
/usr/bin/make -f CMakeFiles/cmTC_d5bd3.dir/build.make CMakeFiles/cmTC_d5bd3.dir/build
make[1]: Entering directory '/home/parallels/catkin_ws/build/CMakeFiles/CMakeTmp'
Building CXX object CMakeFiles/cmTC_d5bd3.dir/CheckSymbolExists.cxx.o
/usr/bin/c++   -I/usr/include/qt4   -o CMakeFiles/cmTC_d5bd3.dir/CheckSymbolExists.cxx.o -c /home/parallels/catkin_ws/build/CMakeFiles/CMakeTmp/CheckSymbolExists.cxx
/home/parallels/catkin_ws/build/CMakeFiles/CMakeTmp/CheckSymbolExists.cxx: In function ‘int main(int, char**)’:
/home/parallels/catkin_ws/build/CMakeFiles/CMakeTmp/CheckSymbolExists.cxx:8:19: error: ‘Q_WS_WIN’ was not declared in this scope
   return ((int*)(&Q_WS_WIN))[argc];
                   ^~~~~~~~
/home/parallels/catkin_ws/build/CMakeFiles/CMakeTmp/CheckSymbolExists.cxx:8:19: note: suggested alternative: ‘Q_WS_X11’
   return ((int*)(&Q_WS_WIN))[argc];
                   ^~~~~~~~
                   Q_WS_X11
CMakeFiles/cmTC_d5bd3.dir/build.make:65: recipe for target 'CMakeFiles/cmTC_d5bd3.dir/CheckSymbolExists.cxx.o' failed
make[1]: *** [CMakeFiles/cmTC_d5bd3.dir/CheckSymbolExists.cxx.o] Error 1
make[1]: Leaving directory '/home/parallels/catkin_ws/build/CMakeFiles/CMakeTmp'
Makefile:126: recipe for target 'cmTC_d5bd3/fast' failed
make: *** [cmTC_d5bd3/fast] Error 2

File /home/parallels/catkin_ws/build/CMakeFiles/CMakeTmp/CheckSymbolExists.cxx:
/* */
#include <QtCore/qglobal.h>

int main(int argc, char** argv)
{
  (void)argv;
#ifndef Q_WS_WIN
  return ((int*)(&Q_WS_WIN))[argc];
#else
  (void)argc;
  return 0;
#endif
}

Determining if the Q_WS_QWS exist failed with the following output:
Change Dir: /home/parallels/catkin_ws/build/CMakeFiles/CMakeTmp

Run Build Command:"/usr/bin/make" "cmTC_71ce3/fast"
/usr/bin/make -f CMakeFiles/cmTC_71ce3.dir/build.make CMakeFiles/cmTC_71ce3.dir/build
make[1]: Entering directory '/home/parallels/catkin_ws/build/CMakeFiles/CMakeTmp'
Building CXX object CMakeFiles/cmTC_71ce3.dir/CheckSymbolExists.cxx.o
/usr/bin/c++   -I/usr/include/qt4   -o CMakeFiles/cmTC_71ce3.dir/CheckSymbolExists.cxx.o -c /home/parallels/catkin_ws/build/CMakeFiles/CMakeTmp/CheckSymbolExists.cxx
/home/parallels/catkin_ws/build/CMakeFiles/CMakeTmp/CheckSymbolExists.cxx: In function ‘int main(int, char**)’:
/home/parallels/catkin_ws/build/CMakeFiles/CMakeTmp/CheckSymbolExists.cxx:8:19: error: ‘Q_WS_QWS’ was not declared in this scope
   return ((int*)(&Q_WS_QWS))[argc];
                   ^~~~~~~~
/home/parallels/catkin_ws/build/CMakeFiles/CMakeTmp/CheckSymbolExists.cxx:8:19: note: suggested alternative: ‘Q_WS_X11’
   return ((int*)(&Q_WS_QWS))[argc];
                   ^~~~~~~~
                   Q_WS_X11
CMakeFiles/cmTC_71ce3.dir/build.make:65: recipe for target 'CMakeFiles/cmTC_71ce3.dir/CheckSymbolExists.cxx.o' failed
make[1]: *** [CMakeFiles/cmTC_71ce3.dir/CheckSymbolExists.cxx.o] Error 1
make[1]: Leaving directory '/home/parallels/catkin_ws/build/CMakeFiles/CMakeTmp'
Makefile:126: recipe for target 'cmTC_71ce3/fast' failed
make: *** [cmTC_71ce3/fast] Error 2

File /home/parallels/catkin_ws/build/CMakeFiles/CMakeTmp/CheckSymbolExists.cxx:
/* */
#include <QtCore/qglobal.h>

int main(int argc, char** argv)
{
  (void)argv;
#ifndef Q_WS_QWS
  return ((int*)(&Q_WS_QWS))[argc];
#else
  (void)argc;
  return 0;
#endif
}

Determining if the Q_WS_MAC exist failed with the following output:
Change Dir: /home/parallels/catkin_ws/build/CMakeFiles/CMakeTmp

Run Build Command:"/usr/bin/make" "cmTC_332b2/fast"
/usr/bin/make -f CMakeFiles/cmTC_332b2.dir/build.make CMakeFiles/cmTC_332b2.dir/build
make[1]: Entering directory '/home/parallels/catkin_ws/build/CMakeFiles/CMakeTmp'
Building CXX object CMakeFiles/cmTC_332b2.dir/CheckSymbolExists.cxx.o
/usr/bin/c++   -I/usr/include/qt4   -o CMakeFiles/cmTC_332b2.dir/CheckSymbolExists.cxx.o -c /home/parallels/catkin_ws/build/CMakeFiles/CMakeTmp/CheckSymbolExists.cxx
/home/parallels/catkin_ws/build/CMakeFiles/CMakeTmp/CheckSymbolExists.cxx: In function ‘int main(int, char**)’:
/home/parallels/catkin_ws/build/CMakeFiles/CMakeTmp/CheckSymbolExists.cxx:8:19: error: ‘Q_WS_MAC’ was not declared in this scope
   return ((int*)(&Q_WS_MAC))[argc];
                   ^~~~~~~~
/home/parallels/catkin_ws/build/CMakeFiles/CMakeTmp/CheckSymbolExists.cxx:8:19: note: suggested alternative: ‘Q_WS_X11’
   return ((int*)(&Q_WS_MAC))[argc];
                   ^~~~~~~~
                   Q_WS_X11
CMakeFiles/cmTC_332b2.dir/build.make:65: recipe for target 'CMakeFiles/cmTC_332b2.dir/CheckSymbolExists.cxx.o' failed
make[1]: *** [CMakeFiles/cmTC_332b2.dir/CheckSymbolExists.cxx.o] Error 1
make[1]: Leaving directory '/home/parallels/catkin_ws/build/CMakeFiles/CMakeTmp'
Makefile:126: recipe for target 'cmTC_332b2/fast' failed
make: *** [cmTC_332b2/fast] Error 2

File /home/parallels/catkin_ws/build/CMakeFiles/CMakeTmp/CheckSymbolExists.cxx:
/* */
#include <QtCore/qglobal.h>

int main(int argc, char** argv)
{
  (void)argv;
#ifndef Q_WS_MAC
  return ((int*)(&Q_WS_MAC))[argc];
#else
  (void)argc;
  return 0;
#endif
}

